<?xml version="1.0" encoding="UTF-8"?>
<!-- Generated by org.testng.reporters.JUnitReportReporter -->
<testsuite skipped="0" hostname="LAPTOP-H9B048JB" name="Test.AddCategoryTest" tests="2" failures="0" timestamp="08 Sep 2020 06:39:57 GMT" time="14.309" errors="0">
  <testcase name="validationAddCategory" time="7.210" classname="Test.AddCategoryTest"/>
  <testcase name="addCategory" time="7.099" classname="Test.AddCategoryTest"/>
</testsuite> <!-- Test.AddCategoryTest -->
