<?xml version="1.0" encoding="UTF-8"?>
<!-- Generated by org.testng.reporters.JUnitReportReporter -->
<testsuite skipped="0" hostname="LAPTOP-H9B048JB" name="Test.DuplicateCategoryTest" tests="1" failures="0" timestamp="08 Sep 2020 06:39:57 GMT" time="8.417" errors="0">
  <testcase name="duplicateCategory" time="8.417" classname="Test.DuplicateCategoryTest"/>
</testsuite> <!-- Test.DuplicateCategoryTest -->
