<?xml version="1.0" encoding="UTF-8"?>
<!-- Generated by org.testng.reporters.JUnitReportReporter -->
<testsuite skipped="0" hostname="LAPTOP-H9B048JB" name="Test.DeleteAddedCategoryTest" tests="1" failures="0" timestamp="08 Sep 2020 06:39:57 GMT" time="14.955" errors="0">
  <testcase name="deleteAddedCategory" time="14.955" classname="Test.DeleteAddedCategoryTest"/>
</testsuite> <!-- Test.DeleteAddedCategoryTest -->
