<?xml version="1.0" encoding="UTF-8"?>
<!-- Generated by org.testng.reporters.JUnitReportReporter -->
<testsuite skipped="0" hostname="LAPTOP-H9B048JB" name="Test.AddCategoryTest" tests="2" failures="0" timestamp="08 Sep 2020 23:16:32 GMT" time="15.633" errors="0">
  <testcase name="addCategory" time="8.720" classname="Test.AddCategoryTest"/>
  <testcase name="validationAddCategory" time="6.913" classname="Test.AddCategoryTest"/>
</testsuite> <!-- Test.AddCategoryTest -->
