<?xml version="1.0" encoding="UTF-8"?>
<!-- Generated by org.testng.reporters.JUnitReportReporter -->
<testsuite skipped="0" hostname="LAPTOP-H9B048JB" name="Test.EraseAddedCategoryTest" tests="1" failures="0" timestamp="08 Sep 2020 23:16:32 GMT" time="15.067" errors="0">
  <testcase name="deleteAddedCategory" time="15.067" classname="Test.EraseAddedCategoryTest"/>
</testsuite> <!-- Test.EraseAddedCategoryTest -->
