<?xml version="1.0" encoding="UTF-8"?>
<!-- Generated by org.testng.reporters.JUnitReportReporter -->
<testsuite skipped="0" hostname="LAPTOP-H9B048JB" name="Test.DuplicateCategoryTest" tests="1" failures="0" timestamp="08 Sep 2020 23:16:32 GMT" time="7.192" errors="0">
  <testcase name="duplicateCategory" time="7.192" classname="Test.DuplicateCategoryTest"/>
</testsuite> <!-- Test.DuplicateCategoryTest -->
